Using pre-set license
Built from '2021.3/staging' branch; Version is '2021.3.30f1 (b4360d7cdac4) revision 11810317'; Using compiler version '192829333'; Build Type 'Release'
OS: 'Windows 10  (10.0.19045) 64bit Professional' Language: 'it' Physical Memory: 16136 MB
BatchMode: 1, IsHumanControllingUs: 0, StartBugReporterOnCrash: 0, Is64bit: 1, IsPro: 1

COMMAND LINE ARGUMENTS:
E:\DefCoder\2021.3.30f1\Editor\Unity.exe
-adb2
-batchMode
-noUpm
-name
AssetImportWorker0
-projectPath
E:/DefCoder/Secondo Anno Event Horizon/Lezione/Tool_Grid/ToolGrid
-logFile
Logs/AssetImportWorker0.log
-srvPort
54783
Successfully changed project path to: E:/DefCoder/Secondo Anno Event Horizon/Lezione/Tool_Grid/ToolGrid
E:/DefCoder/Secondo Anno Event Horizon/Lezione/Tool_Grid/ToolGrid
[UnityMemory] Configuration Parameters - Can be set up in boot.config
    "memorysetup-bucket-allocator-granularity=16"
    "memorysetup-bucket-allocator-bucket-count=8"
    "memorysetup-bucket-allocator-block-size=33554432"
    "memorysetup-bucket-allocator-block-count=8"
    "memorysetup-main-allocator-block-size=16777216"
    "memorysetup-thread-allocator-block-size=16777216"
    "memorysetup-gfx-main-allocator-block-size=16777216"
    "memorysetup-gfx-thread-allocator-block-size=16777216"
    "memorysetup-cache-allocator-block-size=4194304"
    "memorysetup-typetree-allocator-block-size=2097152"
    "memorysetup-profiler-bucket-allocator-granularity=16"
    "memorysetup-profiler-bucket-allocator-bucket-count=8"
    "memorysetup-profiler-bucket-allocator-block-size=33554432"
    "memorysetup-profiler-bucket-allocator-block-count=8"
    "memorysetup-profiler-allocator-block-size=16777216"
    "memorysetup-profiler-editor-allocator-block-size=1048576"
    "memorysetup-temp-allocator-size-main=16777216"
    "memorysetup-job-temp-allocator-block-size=2097152"
    "memorysetup-job-temp-allocator-block-size-background=1048576"
    "memorysetup-job-temp-allocator-reduction-small-platforms=262144"
    "memorysetup-temp-allocator-size-background-worker=32768"
    "memorysetup-temp-allocator-size-job-worker=262144"
    "memorysetup-temp-allocator-size-preload-manager=33554432"
    "memorysetup-temp-allocator-size-nav-mesh-worker=65536"
    "memorysetup-temp-allocator-size-audio-worker=65536"
    "memorysetup-temp-allocator-size-cloud-worker=32768"
    "memorysetup-temp-allocator-size-gi-baking-worker=262144"
    "memorysetup-temp-allocator-size-gfx=262144"
Player connection [26484] Host "[IP] 192.168.0.64 [Port] 0 [Flags] 2 [Guid] 3870017237 [EditorId] 3870017237 [Version] 1048832 [Id] WindowsEditor(7,DESKTOP-KMP61JL) [Debug] 1 [PackageName] WindowsEditor [ProjectName] Editor" joined multi-casting on [225.0.0.222:54997]...

Player connection [26484] Host "[IP] 192.168.0.64 [Port] 0 [Flags] 2 [Guid] 3870017237 [EditorId] 3870017237 [Version] 1048832 [Id] WindowsEditor(7,DESKTOP-KMP61JL) [Debug] 1 [PackageName] WindowsEditor [ProjectName] Editor" joined alternative multi-casting on [225.0.0.222:34997]...

[Physics::Module] Initialized MultithreadedJobDispatcher with {0} workers.
Refreshing native plugins compatible for Editor in 69.40 ms, found 3 plugins.
Preloading 0 native plugins for Editor in 0.00 ms.
Initialize engine version: 2021.3.30f1 (b4360d7cdac4)
[Subsystems] Discovering subsystems at path E:/DefCoder/2021.3.30f1/Editor/Data/Resources/UnitySubsystems
[Subsystems] Discovering subsystems at path E:/DefCoder/Secondo Anno Event Horizon/Lezione/Tool_Grid/ToolGrid/Assets
GfxDevice: creating device client; threaded=0; jobified=0
Direct3D:
    Version:  Direct3D 11.0 [level 11.0]
    Renderer: NVIDIA Quadro K4000 (ID=0x11fa)
    Vendor:   NVIDIA
    VRAM:     3029 MB
    Driver:   30.0.14.7444
Initialize mono
Mono path[0] = 'E:/DefCoder/2021.3.30f1/Editor/Data/Managed'
Mono path[1] = 'E:/DefCoder/2021.3.30f1/Editor/Data/MonoBleedingEdge/lib/mono/unityjit-win32'
Mono config path = 'E:/DefCoder/2021.3.30f1/Editor/Data/MonoBleedingEdge/etc'
Using monoOptions --debugger-agent=transport=dt_socket,embedding=1,server=y,suspend=n,address=127.0.0.1:56312
Begin MonoManager ReloadAssembly
Registering precompiled unity dll's ...
Register platform support module: E:/DefCoder/2021.3.30f1/Editor/Data/PlaybackEngines/WindowsStandaloneSupport/UnityEditor.WindowsStandalone.Extensions.dll
Registered in 0.002721 seconds.
Native extension for WindowsStandalone target not found
Refreshing native plugins compatible for Editor in 98.96 ms, found 3 plugins.
Preloading 0 native plugins for Editor in 0.00 ms.
Mono: successfully reloaded assembly
- Completed reload, in  0.760 seconds
Domain Reload Profiling:
	ReloadAssembly (760ms)
		BeginReloadAssembly (128ms)
			ExecutionOrderSort (0ms)
			DisableScriptedObjects (0ms)
			BackupInstance (0ms)
			ReleaseScriptingObjects (0ms)
			CreateAndSetChildDomain (1ms)
		EndReloadAssembly (529ms)
			LoadAssemblies (127ms)
			RebuildTransferFunctionScriptingTraits (0ms)
			SetupTypeCache (122ms)
			ReleaseScriptCaches (0ms)
			RebuildScriptCaches (31ms)
			SetupLoadedEditorAssemblies (335ms)
				LogAssemblyErrors (0ms)
				InitializePlatformSupportModulesInManaged (7ms)
				SetLoadedEditorAssemblies (0ms)
				RefreshPlugins (99ms)
				BeforeProcessingInitializeOnLoad (2ms)
				ProcessInitializeOnLoadAttributes (169ms)
				ProcessInitializeOnLoadMethodAttributes (57ms)
				AfterProcessingInitializeOnLoad (0ms)
				EditorAssembliesLoaded (0ms)
			ExecutionOrderSort2 (0ms)
			AwakeInstancesAfterBackupRestoration (0ms)
Platform modules already initialized, skipping
Registering precompiled user dll's ...
Registered in 0.003749 seconds.
Begin MonoManager ReloadAssembly
Native extension for WindowsStandalone target not found
Refreshing native plugins compatible for Editor in 0.60 ms, found 3 plugins.
Preloading 0 native plugins for Editor in 0.00 ms.
Package Manager log level set to [2]
[Package Manager] Server::EnsureServerProcessIsRunning -- launch failed, reason: Unity was launched with the -noUpm command-line argument
[Package Manager] Cannot connect to Unity Package Manager local server
Mono: successfully reloaded assembly
- Completed reload, in  1.578 seconds
Domain Reload Profiling:
	ReloadAssembly (1579ms)
		BeginReloadAssembly (146ms)
			ExecutionOrderSort (0ms)
			DisableScriptedObjects (8ms)
			BackupInstance (0ms)
			ReleaseScriptingObjects (0ms)
			CreateAndSetChildDomain (25ms)
		EndReloadAssembly (1296ms)
			LoadAssemblies (101ms)
			RebuildTransferFunctionScriptingTraits (0ms)
			SetupTypeCache (326ms)
			ReleaseScriptCaches (1ms)
			RebuildScriptCaches (58ms)
			SetupLoadedEditorAssemblies (785ms)
				LogAssemblyErrors (0ms)
				InitializePlatformSupportModulesInManaged (5ms)
				SetLoadedEditorAssemblies (1ms)
				RefreshPlugins (1ms)
				BeforeProcessingInitializeOnLoad (85ms)
				ProcessInitializeOnLoadAttributes (666ms)
				ProcessInitializeOnLoadMethodAttributes (24ms)
				AfterProcessingInitializeOnLoad (3ms)
				EditorAssembliesLoaded (0ms)
			ExecutionOrderSort2 (0ms)
			AwakeInstancesAfterBackupRestoration (11ms)
Platform modules already initialized, skipping
========================================================================
Worker process is ready to serve import requests
Launched and connected shader compiler UnityShaderCompiler.exe after 0.07 seconds
Refreshing native plugins compatible for Editor in 0.60 ms, found 3 plugins.
Preloading 0 native plugins for Editor in 0.00 ms.
Unloading 3055 Unused Serialized files (Serialized files now loaded: 0)
Unloading 22 unused Assets / (46.4 KB). Loaded Objects now: 3517.
Memory consumption went from 107.7 MB to 107.7 MB.
Total: 4.056700 ms (FindLiveObjects: 0.333900 ms CreateObjectMapping: 0.123200 ms MarkObjects: 3.506800 ms  DeleteObjects: 0.091800 ms)

AssetImportParameters requested are different than current active one (requested -> active):
  custom:video-decoder-ogg-theora: a1e56fd34408186e4bbccfd4996cb3dc -> 
  custom:container-muxer-webm: aa71ff27fc2769a1b78a27578f13a17b -> 
  custom:container-demuxer-webm: 4f35f7cbe854078d1ac9338744f61a02 -> 
  custom:video-encoder-webm-vp8: eb34c28f22e8b96e1ab97ce403110664 -> 
  custom:CustomObjectIndexerAttribute: bc11b3a6c3213fcdd17b65e7da85e133 -> 
  custom:audio-encoder-webm-vorbis: bf7c407c2cedff20999df2af8eb42d56 -> 
  custom:framework-win-MediaFoundation: 216162199b28c13a410421893ffa2e32 -> 
  custom:SearchIndexIgnoredProperties: e643bd26f0fe6173181afceb89e7c659 -> 
  custom:container-demuxer-ogg: 62fdf1f143b41e24485cea50d1cbac27 -> 
  custom:video-decoder-webm-vp8: 9c59270c3fd7afecdb556c50c9e8de78 -> 
  custom:audio-decoder-ogg-vorbis: bf7c407c2cedff20999df2af8eb42d56 -> 
========================================================================
Received Import Request.
  Time since last request: 54159.544382 seconds.
  path: Assets/Tiles/Tile_1.prefab
  artifactKey: Guid(373675bb78498fb479d7d269d2b54bef) Importer(815301076,1909f56bfc062723c751e8b465ee728b)
Number of updated assets reloaded before import = 0
Start importing Assets/Tiles/Tile_1.prefab using Guid(373675bb78498fb479d7d269d2b54bef) Importer(815301076,1909f56bfc062723c751e8b465ee728b)  -> (artifact id: '334393ffdc2549efd9492bdd4140323b') in 0.189771 seconds 
Number of asset objects unloaded after import = 33
========================================================================
Received Import Request.
  Time since last request: 2.070457 seconds.
  path: Assets/Tiles/Tile_1.prefab
  artifactKey: Guid(373675bb78498fb479d7d269d2b54bef) Importer(815301076,1909f56bfc062723c751e8b465ee728b)
Number of updated assets reloaded before import = 0
Start importing Assets/Tiles/Tile_1.prefab using Guid(373675bb78498fb479d7d269d2b54bef) Importer(815301076,1909f56bfc062723c751e8b465ee728b)  -> (artifact id: '2058d0702d0037d93ab14a3e3d6b9eee') in 0.013534 seconds 
Number of asset objects unloaded after import = 33
========================================================================
Received Import Request.
  Time since last request: 4.642062 seconds.
  path: Assets/Tiles/Tile_1.prefab
  artifactKey: Guid(373675bb78498fb479d7d269d2b54bef) Importer(815301076,1909f56bfc062723c751e8b465ee728b)
Number of updated assets reloaded before import = 0
Start importing Assets/Tiles/Tile_1.prefab using Guid(373675bb78498fb479d7d269d2b54bef) Importer(815301076,1909f56bfc062723c751e8b465ee728b)  -> (artifact id: 'e914df40c79a1181aa57645080e50bc2') in 0.012759 seconds 
Number of asset objects unloaded after import = 33
========================================================================
Received Import Request.
  Time since last request: 4.224027 seconds.
  path: Assets/Tiles/Tile_1.prefab
  artifactKey: Guid(373675bb78498fb479d7d269d2b54bef) Importer(815301076,1909f56bfc062723c751e8b465ee728b)
Number of updated assets reloaded before import = 0
Start importing Assets/Tiles/Tile_1.prefab using Guid(373675bb78498fb479d7d269d2b54bef) Importer(815301076,1909f56bfc062723c751e8b465ee728b)  -> (artifact id: 'f1eae9ba8f05bde9c59545a23c2e53fd') in 0.016491 seconds 
Number of asset objects unloaded after import = 33
========================================================================
Received Import Request.
  Time since last request: 3.185395 seconds.
  path: Assets/Tiles/Tile_1.prefab
  artifactKey: Guid(373675bb78498fb479d7d269d2b54bef) Importer(815301076,1909f56bfc062723c751e8b465ee728b)
Number of updated assets reloaded before import = 0
Start importing Assets/Tiles/Tile_1.prefab using Guid(373675bb78498fb479d7d269d2b54bef) Importer(815301076,1909f56bfc062723c751e8b465ee728b)  -> (artifact id: 'c2f42ebc1d57d2ab2e5d19ed0cfe305a') in 0.011576 seconds 
Number of asset objects unloaded after import = 33
========================================================================
Received Import Request.
  Time since last request: 3.210981 seconds.
  path: Assets/Tiles/Tile_1.prefab
  artifactKey: Guid(373675bb78498fb479d7d269d2b54bef) Importer(815301076,1909f56bfc062723c751e8b465ee728b)
Number of updated assets reloaded before import = 0
Start importing Assets/Tiles/Tile_1.prefab using Guid(373675bb78498fb479d7d269d2b54bef) Importer(815301076,1909f56bfc062723c751e8b465ee728b)  -> (artifact id: '3922c893d7bb58c604341c598ab9bf5f') in 0.012876 seconds 
Number of asset objects unloaded after import = 53
========================================================================
Received Import Request.
  Time since last request: 3.610990 seconds.
  path: Assets/Tiles/Tile_1.prefab
  artifactKey: Guid(373675bb78498fb479d7d269d2b54bef) Importer(815301076,1909f56bfc062723c751e8b465ee728b)
Number of updated assets reloaded before import = 0
Start importing Assets/Tiles/Tile_1.prefab using Guid(373675bb78498fb479d7d269d2b54bef) Importer(815301076,1909f56bfc062723c751e8b465ee728b)  -> (artifact id: 'b764265ecc1c93933898363d9326fed8') in 0.013642 seconds 
Number of asset objects unloaded after import = 53
========================================================================
Received Import Request.
  Time since last request: 2.207948 seconds.
  path: Assets/Tiles/Tile_1.prefab
  artifactKey: Guid(373675bb78498fb479d7d269d2b54bef) Importer(815301076,1909f56bfc062723c751e8b465ee728b)
Number of updated assets reloaded before import = 0
Start importing Assets/Tiles/Tile_1.prefab using Guid(373675bb78498fb479d7d269d2b54bef) Importer(815301076,1909f56bfc062723c751e8b465ee728b)  -> (artifact id: 'a879c523349f43754d65b334e71e8b89') in 0.012463 seconds 
Number of asset objects unloaded after import = 73
========================================================================
Received Import Request.
  Time since last request: 4.037514 seconds.
  path: Assets/Tiles/Tile_1.prefab
  artifactKey: Guid(373675bb78498fb479d7d269d2b54bef) Importer(815301076,1909f56bfc062723c751e8b465ee728b)
Number of updated assets reloaded before import = 0
Start importing Assets/Tiles/Tile_1.prefab using Guid(373675bb78498fb479d7d269d2b54bef) Importer(815301076,1909f56bfc062723c751e8b465ee728b)  -> (artifact id: '59d2d5c5e30d7ba3618c080da23a2def') in 0.011667 seconds 
Number of asset objects unloaded after import = 73
========================================================================
Received Import Request.
  Time since last request: 0.615412 seconds.
  path: Assets/Tiles/Tile_1.prefab
  artifactKey: Guid(373675bb78498fb479d7d269d2b54bef) Importer(815301076,1909f56bfc062723c751e8b465ee728b)
Number of updated assets reloaded before import = 0
Start importing Assets/Tiles/Tile_1.prefab using Guid(373675bb78498fb479d7d269d2b54bef) Importer(815301076,1909f56bfc062723c751e8b465ee728b)  -> (artifact id: '6a75ec5d2425b956dcf7be28ba81af56') in 0.012998 seconds 
Number of asset objects unloaded after import = 93
========================================================================
Received Import Request.
  Time since last request: 4.226317 seconds.
  path: Assets/Tiles/Tile_1.prefab
  artifactKey: Guid(373675bb78498fb479d7d269d2b54bef) Importer(815301076,1909f56bfc062723c751e8b465ee728b)
Number of updated assets reloaded before import = 0
Start importing Assets/Tiles/Tile_1.prefab using Guid(373675bb78498fb479d7d269d2b54bef) Importer(815301076,1909f56bfc062723c751e8b465ee728b)  -> (artifact id: 'e35b1b0f2d913c6e2de77172bd8fa63d') in 0.015066 seconds 
Number of asset objects unloaded after import = 93
========================================================================
Received Import Request.
  Time since last request: 2.612734 seconds.
  path: Assets/Tiles/Tile_1.prefab
  artifactKey: Guid(373675bb78498fb479d7d269d2b54bef) Importer(815301076,1909f56bfc062723c751e8b465ee728b)
Number of updated assets reloaded before import = 0
Start importing Assets/Tiles/Tile_1.prefab using Guid(373675bb78498fb479d7d269d2b54bef) Importer(815301076,1909f56bfc062723c751e8b465ee728b)  -> (artifact id: 'f78275c16775bfac07f8e20a48eaef68') in 0.012318 seconds 
Number of asset objects unloaded after import = 93
========================================================================
Received Import Request.
  Time since last request: 3.622144 seconds.
  path: Assets/Tiles/Tile_1.prefab
  artifactKey: Guid(373675bb78498fb479d7d269d2b54bef) Importer(815301076,1909f56bfc062723c751e8b465ee728b)
Number of updated assets reloaded before import = 0
Start importing Assets/Tiles/Tile_1.prefab using Guid(373675bb78498fb479d7d269d2b54bef) Importer(815301076,1909f56bfc062723c751e8b465ee728b)  -> (artifact id: '50de5824609c707fe6b02b5c806d2363') in 0.012561 seconds 
Number of asset objects unloaded after import = 113
========================================================================
Received Import Request.
  Time since last request: 2.403781 seconds.
  path: Assets/Tiles/Tile_1.prefab
  artifactKey: Guid(373675bb78498fb479d7d269d2b54bef) Importer(815301076,1909f56bfc062723c751e8b465ee728b)
Number of updated assets reloaded before import = 0
Start importing Assets/Tiles/Tile_1.prefab using Guid(373675bb78498fb479d7d269d2b54bef) Importer(815301076,1909f56bfc062723c751e8b465ee728b)  -> (artifact id: 'b102e37faf6a761c782f4fd1c47f0d5e') in 0.013879 seconds 
Number of asset objects unloaded after import = 113
========================================================================
Received Import Request.
  Time since last request: 8.079544 seconds.
  path: Assets/Tiles/Tile_1.prefab
  artifactKey: Guid(373675bb78498fb479d7d269d2b54bef) Importer(815301076,1909f56bfc062723c751e8b465ee728b)
Number of updated assets reloaded before import = 0
Start importing Assets/Tiles/Tile_1.prefab using Guid(373675bb78498fb479d7d269d2b54bef) Importer(815301076,1909f56bfc062723c751e8b465ee728b)  -> (artifact id: '5962aac42b38ad2659ce6353ac0142b3') in 0.013359 seconds 
Number of asset objects unloaded after import = 113
========================================================================
Received Import Request.
  Time since last request: 4.420811 seconds.
  path: Assets/Tiles/Tile_1.prefab
  artifactKey: Guid(373675bb78498fb479d7d269d2b54bef) Importer(815301076,1909f56bfc062723c751e8b465ee728b)
Number of updated assets reloaded before import = 0
Start importing Assets/Tiles/Tile_1.prefab using Guid(373675bb78498fb479d7d269d2b54bef) Importer(815301076,1909f56bfc062723c751e8b465ee728b)  -> (artifact id: 'a848e856efe454fd66fdaeebba851ec1') in 0.014537 seconds 
Number of asset objects unloaded after import = 113
========================================================================
Received Import Request.
  Time since last request: 19.978646 seconds.
  path: Assets/Tiles/Tile_1.prefab
  artifactKey: Guid(373675bb78498fb479d7d269d2b54bef) Importer(815301076,1909f56bfc062723c751e8b465ee728b)
Number of updated assets reloaded before import = 0
Start importing Assets/Tiles/Tile_1.prefab using Guid(373675bb78498fb479d7d269d2b54bef) Importer(815301076,1909f56bfc062723c751e8b465ee728b)  -> (artifact id: '0c71cbc9b029fd2c7b6c69c4e76982c4') in 0.051167 seconds 
Number of asset objects unloaded after import = 113
========================================================================
Received Import Request.
  Time since last request: 3.578098 seconds.
  path: Assets/Tiles/Tile_1.prefab
  artifactKey: Guid(373675bb78498fb479d7d269d2b54bef) Importer(815301076,1909f56bfc062723c751e8b465ee728b)
Number of updated assets reloaded before import = 0
Start importing Assets/Tiles/Tile_1.prefab using Guid(373675bb78498fb479d7d269d2b54bef) Importer(815301076,1909f56bfc062723c751e8b465ee728b)  -> (artifact id: 'd90fd2c79323991ee5dd1cf56a5bd2a0') in 0.013239 seconds 
Number of asset objects unloaded after import = 113
========================================================================
Received Import Request.
  Time since last request: 8.049215 seconds.
  path: Assets/Tiles/Tile_1.prefab
  artifactKey: Guid(373675bb78498fb479d7d269d2b54bef) Importer(815301076,1909f56bfc062723c751e8b465ee728b)
Number of updated assets reloaded before import = 0
Start importing Assets/Tiles/Tile_1.prefab using Guid(373675bb78498fb479d7d269d2b54bef) Importer(815301076,1909f56bfc062723c751e8b465ee728b)  -> (artifact id: '269bb92283f633abb972edd90d34b484') in 0.014297 seconds 
Number of asset objects unloaded after import = 113
========================================================================
Received Import Request.
  Time since last request: 3.819741 seconds.
  path: Assets/Tiles/Tile_1.prefab
  artifactKey: Guid(373675bb78498fb479d7d269d2b54bef) Importer(815301076,1909f56bfc062723c751e8b465ee728b)
Number of updated assets reloaded before import = 0
Start importing Assets/Tiles/Tile_1.prefab using Guid(373675bb78498fb479d7d269d2b54bef) Importer(815301076,1909f56bfc062723c751e8b465ee728b)  -> (artifact id: '180fb66d8f2e6bffa3eda8703d084c58') in 0.013316 seconds 
Number of asset objects unloaded after import = 113
========================================================================
Received Import Request.
  Time since last request: 3.644315 seconds.
  path: Assets/Tiles/Tile_1.prefab
  artifactKey: Guid(373675bb78498fb479d7d269d2b54bef) Importer(815301076,1909f56bfc062723c751e8b465ee728b)
Number of updated assets reloaded before import = 0
Start importing Assets/Tiles/Tile_1.prefab using Guid(373675bb78498fb479d7d269d2b54bef) Importer(815301076,1909f56bfc062723c751e8b465ee728b)  -> (artifact id: '37a8186374918b6206ff415bf35effb0') in 0.013550 seconds 
Number of asset objects unloaded after import = 133
========================================================================
Received Import Request.
  Time since last request: 2.003171 seconds.
  path: Assets/Tiles/Tile_1.prefab
  artifactKey: Guid(373675bb78498fb479d7d269d2b54bef) Importer(815301076,1909f56bfc062723c751e8b465ee728b)
Number of updated assets reloaded before import = 0
Start importing Assets/Tiles/Tile_1.prefab using Guid(373675bb78498fb479d7d269d2b54bef) Importer(815301076,1909f56bfc062723c751e8b465ee728b)  -> (artifact id: '34b1df4b03b89b77beb58fedc6ada2dc') in 0.013434 seconds 
Number of asset objects unloaded after import = 133
========================================================================
Received Import Request.
  Time since last request: 2.603408 seconds.
  path: Assets/Tiles/Tile_1.prefab
  artifactKey: Guid(373675bb78498fb479d7d269d2b54bef) Importer(815301076,1909f56bfc062723c751e8b465ee728b)
Number of updated assets reloaded before import = 0
Start importing Assets/Tiles/Tile_1.prefab using Guid(373675bb78498fb479d7d269d2b54bef) Importer(815301076,1909f56bfc062723c751e8b465ee728b)  -> (artifact id: '200ed5f274b52c87abadff7345cf86cb') in 0.013131 seconds 
Number of asset objects unloaded after import = 133
========================================================================
Received Import Request.
  Time since last request: 10.133021 seconds.
  path: Assets/Tiles/Tile_1.prefab
  artifactKey: Guid(373675bb78498fb479d7d269d2b54bef) Importer(815301076,1909f56bfc062723c751e8b465ee728b)
Number of updated assets reloaded before import = 0
Start importing Assets/Tiles/Tile_1.prefab using Guid(373675bb78498fb479d7d269d2b54bef) Importer(815301076,1909f56bfc062723c751e8b465ee728b)  -> (artifact id: 'ec64c27ae58f980157364b3e4c22a88f') in 0.013262 seconds 
Number of asset objects unloaded after import = 133
========================================================================
Received Import Request.
  Time since last request: 14.694666 seconds.
  path: Assets/Tiles/Tile_2 1.prefab
  artifactKey: Guid(eb264da8ee240c242af6b9e2c44c83a7) Importer(815301076,1909f56bfc062723c751e8b465ee728b)
Number of updated assets reloaded before import = 0
Start importing Assets/Tiles/Tile_2 1.prefab using Guid(eb264da8ee240c242af6b9e2c44c83a7) Importer(815301076,1909f56bfc062723c751e8b465ee728b)  -> (artifact id: 'c12a3ffa9cea96fb277e5ebc95b376d0') in 0.013080 seconds 
Number of asset objects unloaded after import = 13
========================================================================
Received Import Request.
  Time since last request: 1.989342 seconds.
  path: Assets/Tiles/Tile_2 1.prefab
  artifactKey: Guid(eb264da8ee240c242af6b9e2c44c83a7) Importer(815301076,1909f56bfc062723c751e8b465ee728b)
Number of updated assets reloaded before import = 0
Start importing Assets/Tiles/Tile_2 1.prefab using Guid(eb264da8ee240c242af6b9e2c44c83a7) Importer(815301076,1909f56bfc062723c751e8b465ee728b)  -> (artifact id: '3b39eadefd6ed46946f80dc44ce1a6f0') in 0.014241 seconds 
Number of asset objects unloaded after import = 13
========================================================================
Received Import Request.
  Time since last request: 1.397785 seconds.
  path: Assets/Tiles/Tile_2 1.prefab
  artifactKey: Guid(eb264da8ee240c242af6b9e2c44c83a7) Importer(815301076,1909f56bfc062723c751e8b465ee728b)
Number of updated assets reloaded before import = 0
Start importing Assets/Tiles/Tile_2 1.prefab using Guid(eb264da8ee240c242af6b9e2c44c83a7) Importer(815301076,1909f56bfc062723c751e8b465ee728b)  -> (artifact id: '3d833795b0f881d28da7d6c623658024') in 0.012419 seconds 
Number of asset objects unloaded after import = 18
========================================================================
Received Import Request.
  Time since last request: 2.002313 seconds.
  path: Assets/Tiles/Tile_2 1.prefab
  artifactKey: Guid(eb264da8ee240c242af6b9e2c44c83a7) Importer(815301076,1909f56bfc062723c751e8b465ee728b)
Number of updated assets reloaded before import = 0
Start importing Assets/Tiles/Tile_2 1.prefab using Guid(eb264da8ee240c242af6b9e2c44c83a7) Importer(815301076,1909f56bfc062723c751e8b465ee728b)  -> (artifact id: '77525e948111eda864f1915e193932e9') in 0.010937 seconds 
Number of asset objects unloaded after import = 18
========================================================================
Received Import Request.
  Time since last request: 3.819675 seconds.
  path: Assets/Tiles/Tile_2 1.prefab
  artifactKey: Guid(eb264da8ee240c242af6b9e2c44c83a7) Importer(815301076,1909f56bfc062723c751e8b465ee728b)
Number of updated assets reloaded before import = 0
Start importing Assets/Tiles/Tile_2 1.prefab using Guid(eb264da8ee240c242af6b9e2c44c83a7) Importer(815301076,1909f56bfc062723c751e8b465ee728b)  -> (artifact id: '3a7de8c2e364e983a0529321704c43c3') in 0.011567 seconds 
Number of asset objects unloaded after import = 23
========================================================================
Received Import Request.
  Time since last request: 2.032735 seconds.
  path: Assets/Tiles/Tile_2 1.prefab
  artifactKey: Guid(eb264da8ee240c242af6b9e2c44c83a7) Importer(815301076,1909f56bfc062723c751e8b465ee728b)
Number of updated assets reloaded before import = 0
Start importing Assets/Tiles/Tile_2 1.prefab using Guid(eb264da8ee240c242af6b9e2c44c83a7) Importer(815301076,1909f56bfc062723c751e8b465ee728b)  -> (artifact id: '0607526eb1e38bb32bfc3e7e6fd8fe2b') in 0.012305 seconds 
Number of asset objects unloaded after import = 23
========================================================================
Received Import Request.
  Time since last request: 0.591068 seconds.
  path: Assets/Tiles/Tile_2 1.prefab
  artifactKey: Guid(eb264da8ee240c242af6b9e2c44c83a7) Importer(815301076,1909f56bfc062723c751e8b465ee728b)
Number of updated assets reloaded before import = 0
Start importing Assets/Tiles/Tile_2 1.prefab using Guid(eb264da8ee240c242af6b9e2c44c83a7) Importer(815301076,1909f56bfc062723c751e8b465ee728b)  -> (artifact id: '148533480161456e1fd3d668a197bf3e') in 0.014025 seconds 
Number of asset objects unloaded after import = 28
========================================================================
Received Import Request.
  Time since last request: 2.006971 seconds.
  path: Assets/Tiles/Tile_2 1.prefab
  artifactKey: Guid(eb264da8ee240c242af6b9e2c44c83a7) Importer(815301076,1909f56bfc062723c751e8b465ee728b)
Number of updated assets reloaded before import = 0
Start importing Assets/Tiles/Tile_2 1.prefab using Guid(eb264da8ee240c242af6b9e2c44c83a7) Importer(815301076,1909f56bfc062723c751e8b465ee728b)  -> (artifact id: 'b7141a5d38f7610d3aebddcc5ac33bbf') in 0.012718 seconds 
Number of asset objects unloaded after import = 28
========================================================================
Received Import Request.
  Time since last request: 2.634547 seconds.
  path: Assets/Tiles/Tile_2 1.prefab
  artifactKey: Guid(eb264da8ee240c242af6b9e2c44c83a7) Importer(815301076,1909f56bfc062723c751e8b465ee728b)
Number of updated assets reloaded before import = 0
Start importing Assets/Tiles/Tile_2 1.prefab using Guid(eb264da8ee240c242af6b9e2c44c83a7) Importer(815301076,1909f56bfc062723c751e8b465ee728b)  -> (artifact id: '4637b50e7c68a801087436acdb5c6b81') in 0.014703 seconds 
Number of asset objects unloaded after import = 48
========================================================================
Received Import Request.
  Time since last request: 9.522195 seconds.
  path: Assets/Tiles/Tile_2 1.prefab
  artifactKey: Guid(eb264da8ee240c242af6b9e2c44c83a7) Importer(815301076,1909f56bfc062723c751e8b465ee728b)
Number of updated assets reloaded before import = 0
Start importing Assets/Tiles/Tile_2 1.prefab using Guid(eb264da8ee240c242af6b9e2c44c83a7) Importer(815301076,1909f56bfc062723c751e8b465ee728b)  -> (artifact id: 'ac6033ac9852aea18783ffc7c0ae55be') in 0.013694 seconds 
Number of asset objects unloaded after import = 48
========================================================================
Received Import Request.
  Time since last request: 3.060568 seconds.
  path: Assets/Tiles/Tile_2 1.prefab
  artifactKey: Guid(eb264da8ee240c242af6b9e2c44c83a7) Importer(815301076,1909f56bfc062723c751e8b465ee728b)
Number of updated assets reloaded before import = 0
Start importing Assets/Tiles/Tile_2 1.prefab using Guid(eb264da8ee240c242af6b9e2c44c83a7) Importer(815301076,1909f56bfc062723c751e8b465ee728b)  -> (artifact id: '99f1eeb49b8e9fac01a5574ac7db7f20') in 0.011305 seconds 
Number of asset objects unloaded after import = 83
========================================================================
Received Import Request.
  Time since last request: 2.376016 seconds.
  path: Assets/Tiles/Tile_2 1.prefab
  artifactKey: Guid(eb264da8ee240c242af6b9e2c44c83a7) Importer(815301076,1909f56bfc062723c751e8b465ee728b)
Number of updated assets reloaded before import = 0
Start importing Assets/Tiles/Tile_2 1.prefab using Guid(eb264da8ee240c242af6b9e2c44c83a7) Importer(815301076,1909f56bfc062723c751e8b465ee728b)  -> (artifact id: '347f839c7bfc34b81efbe22a7215e9db') in 0.013281 seconds 
Number of asset objects unloaded after import = 83
========================================================================
Received Import Request.
  Time since last request: 7.074634 seconds.
  path: Assets/Tiles/Tile_2 1.prefab
  artifactKey: Guid(eb264da8ee240c242af6b9e2c44c83a7) Importer(815301076,1909f56bfc062723c751e8b465ee728b)
Number of updated assets reloaded before import = 0
Start importing Assets/Tiles/Tile_2 1.prefab using Guid(eb264da8ee240c242af6b9e2c44c83a7) Importer(815301076,1909f56bfc062723c751e8b465ee728b)  -> (artifact id: 'df8829272c827c5406ba230f290d5d6f') in 0.012316 seconds 
Number of asset objects unloaded after import = 88
========================================================================
Received Import Request.
  Time since last request: 3.160271 seconds.
  path: Assets/Tiles/Tile_2 1.prefab
  artifactKey: Guid(eb264da8ee240c242af6b9e2c44c83a7) Importer(815301076,1909f56bfc062723c751e8b465ee728b)
Number of updated assets reloaded before import = 0
Start importing Assets/Tiles/Tile_2 1.prefab using Guid(eb264da8ee240c242af6b9e2c44c83a7) Importer(815301076,1909f56bfc062723c751e8b465ee728b)  -> (artifact id: 'bd67721cc5cadc650a8f4f98437f0d74') in 0.012448 seconds 
Number of asset objects unloaded after import = 88
========================================================================
Received Import Request.
  Time since last request: 27.489917 seconds.
  path: Assets/Tiles/Tile_2 2.prefab
  artifactKey: Guid(92da3abcd6f36164d863eeb5e48471cb) Importer(815301076,1909f56bfc062723c751e8b465ee728b)
Number of updated assets reloaded before import = 0
Start importing Assets/Tiles/Tile_2 2.prefab using Guid(92da3abcd6f36164d863eeb5e48471cb) Importer(815301076,1909f56bfc062723c751e8b465ee728b)  -> (artifact id: '5132d1e59ddf69a63db70b1c89dc7597') in 0.012512 seconds 
Number of asset objects unloaded after import = 13
========================================================================
Received Import Request.
  Time since last request: 2.394822 seconds.
  path: Assets/Tiles/Tile_2 2.prefab
  artifactKey: Guid(92da3abcd6f36164d863eeb5e48471cb) Importer(815301076,1909f56bfc062723c751e8b465ee728b)
Number of updated assets reloaded before import = 0
Start importing Assets/Tiles/Tile_2 2.prefab using Guid(92da3abcd6f36164d863eeb5e48471cb) Importer(815301076,1909f56bfc062723c751e8b465ee728b)  -> (artifact id: '84e2e22d2deb750d076a36b599c340d8') in 0.012153 seconds 
Number of asset objects unloaded after import = 13
========================================================================
Received Import Request.
  Time since last request: 3.820195 seconds.
  path: Assets/Tiles/Tile_2 2.prefab
  artifactKey: Guid(92da3abcd6f36164d863eeb5e48471cb) Importer(815301076,1909f56bfc062723c751e8b465ee728b)
Number of updated assets reloaded before import = 0
Start importing Assets/Tiles/Tile_2 2.prefab using Guid(92da3abcd6f36164d863eeb5e48471cb) Importer(815301076,1909f56bfc062723c751e8b465ee728b)  -> (artifact id: '60978b1c35b7bdff963c2d88f2de3a6c') in 0.013220 seconds 
Number of asset objects unloaded after import = 18
========================================================================
Received Import Request.
  Time since last request: 2.200455 seconds.
  path: Assets/Tiles/Tile_2 2.prefab
  artifactKey: Guid(92da3abcd6f36164d863eeb5e48471cb) Importer(815301076,1909f56bfc062723c751e8b465ee728b)
Number of updated assets reloaded before import = 0
Start importing Assets/Tiles/Tile_2 2.prefab using Guid(92da3abcd6f36164d863eeb5e48471cb) Importer(815301076,1909f56bfc062723c751e8b465ee728b)  -> (artifact id: '711a54dccb9b492662f711b30a78024b') in 0.010956 seconds 
Number of asset objects unloaded after import = 18
========================================================================
Received Import Request.
  Time since last request: 1.204916 seconds.
  path: Assets/Tiles/Tile_2 2.prefab
  artifactKey: Guid(92da3abcd6f36164d863eeb5e48471cb) Importer(815301076,1909f56bfc062723c751e8b465ee728b)
Number of updated assets reloaded before import = 0
Start importing Assets/Tiles/Tile_2 2.prefab using Guid(92da3abcd6f36164d863eeb5e48471cb) Importer(815301076,1909f56bfc062723c751e8b465ee728b)  -> (artifact id: 'a6a5523a1f83100a19ebfbe71483be4d') in 0.011781 seconds 
Number of asset objects unloaded after import = 23
========================================================================
Received Import Request.
  Time since last request: 2.003900 seconds.
  path: Assets/Tiles/Tile_2 2.prefab
  artifactKey: Guid(92da3abcd6f36164d863eeb5e48471cb) Importer(815301076,1909f56bfc062723c751e8b465ee728b)
Number of updated assets reloaded before import = 0
Start importing Assets/Tiles/Tile_2 2.prefab using Guid(92da3abcd6f36164d863eeb5e48471cb) Importer(815301076,1909f56bfc062723c751e8b465ee728b)  -> (artifact id: 'e292e09eb2e72ff62aa09aa51ec0f25a') in 0.011248 seconds 
Number of asset objects unloaded after import = 23
========================================================================
Received Import Request.
  Time since last request: 4.646432 seconds.
  path: Assets/Tiles/Tile_2 2.prefab
  artifactKey: Guid(92da3abcd6f36164d863eeb5e48471cb) Importer(815301076,1909f56bfc062723c751e8b465ee728b)
Number of updated assets reloaded before import = 0
Start importing Assets/Tiles/Tile_2 2.prefab using Guid(92da3abcd6f36164d863eeb5e48471cb) Importer(815301076,1909f56bfc062723c751e8b465ee728b)  -> (artifact id: 'f67d4d9395efbc831fd225fb8d976472') in 0.011870 seconds 
Number of asset objects unloaded after import = 23
========================================================================
Received Import Request.
  Time since last request: 2.399931 seconds.
  path: Assets/Tiles/Tile_2 2.prefab
  artifactKey: Guid(92da3abcd6f36164d863eeb5e48471cb) Importer(815301076,1909f56bfc062723c751e8b465ee728b)
Number of updated assets reloaded before import = 0
Start importing Assets/Tiles/Tile_2 2.prefab using Guid(92da3abcd6f36164d863eeb5e48471cb) Importer(815301076,1909f56bfc062723c751e8b465ee728b)  -> (artifact id: '1f7f02696b49052a6af13c7ed1c5bff7') in 0.011874 seconds 
Number of asset objects unloaded after import = 23
========================================================================
Received Import Request.
  Time since last request: 2.404708 seconds.
  path: Assets/Tiles/Tile_2 2.prefab
  artifactKey: Guid(92da3abcd6f36164d863eeb5e48471cb) Importer(815301076,1909f56bfc062723c751e8b465ee728b)
Number of updated assets reloaded before import = 0
Start importing Assets/Tiles/Tile_2 2.prefab using Guid(92da3abcd6f36164d863eeb5e48471cb) Importer(815301076,1909f56bfc062723c751e8b465ee728b)  -> (artifact id: '6282094a463f49cd73209b1a7c6163a6') in 0.012413 seconds 
Number of asset objects unloaded after import = 23
========================================================================
Received Import Request.
  Time since last request: 2.409620 seconds.
  path: Assets/Tiles/Tile_2 2.prefab
  artifactKey: Guid(92da3abcd6f36164d863eeb5e48471cb) Importer(815301076,1909f56bfc062723c751e8b465ee728b)
Number of updated assets reloaded before import = 0
Start importing Assets/Tiles/Tile_2 2.prefab using Guid(92da3abcd6f36164d863eeb5e48471cb) Importer(815301076,1909f56bfc062723c751e8b465ee728b)  -> (artifact id: '33daa9eff5e8dbe5ae014bedad97a183') in 0.026322 seconds 
Number of asset objects unloaded after import = 38
========================================================================
Received Import Request.
  Time since last request: 2.592633 seconds.
  path: Assets/Tiles/Tile_2 2.prefab
  artifactKey: Guid(92da3abcd6f36164d863eeb5e48471cb) Importer(815301076,1909f56bfc062723c751e8b465ee728b)
Number of updated assets reloaded before import = 0
Start importing Assets/Tiles/Tile_2 2.prefab using Guid(92da3abcd6f36164d863eeb5e48471cb) Importer(815301076,1909f56bfc062723c751e8b465ee728b)  -> (artifact id: '4acd6f8afe476fbdd27694ed1bbe23b4') in 0.012447 seconds 
Number of asset objects unloaded after import = 38
========================================================================
Received Import Request.
  Time since last request: 3.610276 seconds.
  path: Assets/Tiles/Tile_2 2.prefab
  artifactKey: Guid(92da3abcd6f36164d863eeb5e48471cb) Importer(815301076,1909f56bfc062723c751e8b465ee728b)
Number of updated assets reloaded before import = 0
Start importing Assets/Tiles/Tile_2 2.prefab using Guid(92da3abcd6f36164d863eeb5e48471cb) Importer(815301076,1909f56bfc062723c751e8b465ee728b)  -> (artifact id: '4cb41352ee76a0e7c54ba169ef22e990') in 0.012323 seconds 
Number of asset objects unloaded after import = 38
========================================================================
Received Import Request.
  Time since last request: 3.409459 seconds.
  path: Assets/Tiles/Tile_2 2.prefab
  artifactKey: Guid(92da3abcd6f36164d863eeb5e48471cb) Importer(815301076,1909f56bfc062723c751e8b465ee728b)
Number of updated assets reloaded before import = 0
Start importing Assets/Tiles/Tile_2 2.prefab using Guid(92da3abcd6f36164d863eeb5e48471cb) Importer(815301076,1909f56bfc062723c751e8b465ee728b)  -> (artifact id: '2bc0c1082e2621be247c23eb3d9f6ecd') in 0.012982 seconds 
Number of asset objects unloaded after import = 38
========================================================================
Received Import Request.
  Time since last request: 5.900226 seconds.
  path: Assets/Tiles/Tile_2 2.prefab
  artifactKey: Guid(92da3abcd6f36164d863eeb5e48471cb) Importer(815301076,1909f56bfc062723c751e8b465ee728b)
Number of updated assets reloaded before import = 0
Start importing Assets/Tiles/Tile_2 2.prefab using Guid(92da3abcd6f36164d863eeb5e48471cb) Importer(815301076,1909f56bfc062723c751e8b465ee728b)  -> (artifact id: '3cb5d3f3b639fc0c872a6de53c61cad3') in 0.014083 seconds 
Number of asset objects unloaded after import = 38
========================================================================
Received Import Request.
  Time since last request: 3.213585 seconds.
  path: Assets/Tiles/Tile_2 2.prefab
  artifactKey: Guid(92da3abcd6f36164d863eeb5e48471cb) Importer(815301076,1909f56bfc062723c751e8b465ee728b)
Number of updated assets reloaded before import = 0
Start importing Assets/Tiles/Tile_2 2.prefab using Guid(92da3abcd6f36164d863eeb5e48471cb) Importer(815301076,1909f56bfc062723c751e8b465ee728b)  -> (artifact id: 'b8e1aee1abae9d3605dc8a8e79af3034') in 0.011230 seconds 
Number of asset objects unloaded after import = 38
========================================================================
Received Import Request.
  Time since last request: 3.017119 seconds.
  path: Assets/Tiles/Tile_2 2.prefab
  artifactKey: Guid(92da3abcd6f36164d863eeb5e48471cb) Importer(815301076,1909f56bfc062723c751e8b465ee728b)
Number of updated assets reloaded before import = 0
Start importing Assets/Tiles/Tile_2 2.prefab using Guid(92da3abcd6f36164d863eeb5e48471cb) Importer(815301076,1909f56bfc062723c751e8b465ee728b)  -> (artifact id: 'b5206580471532ceda7aca841f13a5ce') in 0.012521 seconds 
Number of asset objects unloaded after import = 38
========================================================================
Received Import Request.
  Time since last request: 3.654299 seconds.
  path: Assets/Tiles/Tile_2 2.prefab
  artifactKey: Guid(92da3abcd6f36164d863eeb5e48471cb) Importer(815301076,1909f56bfc062723c751e8b465ee728b)
Number of updated assets reloaded before import = 0
Start importing Assets/Tiles/Tile_2 2.prefab using Guid(92da3abcd6f36164d863eeb5e48471cb) Importer(815301076,1909f56bfc062723c751e8b465ee728b)  -> (artifact id: '645f1203c8d376860e17d95390b98f10') in 0.012849 seconds 
Number of asset objects unloaded after import = 68
========================================================================
Received Import Request.
  Time since last request: 4.665051 seconds.
  path: Assets/Tiles/Tile_2 2.prefab
  artifactKey: Guid(92da3abcd6f36164d863eeb5e48471cb) Importer(815301076,1909f56bfc062723c751e8b465ee728b)
Number of updated assets reloaded before import = 0
Start importing Assets/Tiles/Tile_2 2.prefab using Guid(92da3abcd6f36164d863eeb5e48471cb) Importer(815301076,1909f56bfc062723c751e8b465ee728b)  -> (artifact id: '7733ce58a288838024d4a2c66791bbb0') in 0.012650 seconds 
Number of asset objects unloaded after import = 68
========================================================================
Received Import Request.
  Time since last request: 4.556383 seconds.
  path: Assets/Tiles/Tile_2 2.prefab
  artifactKey: Guid(92da3abcd6f36164d863eeb5e48471cb) Importer(815301076,1909f56bfc062723c751e8b465ee728b)
Number of updated assets reloaded before import = 0
Start importing Assets/Tiles/Tile_2 2.prefab using Guid(92da3abcd6f36164d863eeb5e48471cb) Importer(815301076,1909f56bfc062723c751e8b465ee728b)  -> (artifact id: 'c327c34702ebf546ff7b4814f38c7d30') in 0.011677 seconds 
Number of asset objects unloaded after import = 98
========================================================================
Received Import Request.
  Time since last request: 2.206871 seconds.
  path: Assets/Tiles/Tile_2 2.prefab
  artifactKey: Guid(92da3abcd6f36164d863eeb5e48471cb) Importer(815301076,1909f56bfc062723c751e8b465ee728b)
Number of updated assets reloaded before import = 0
Start importing Assets/Tiles/Tile_2 2.prefab using Guid(92da3abcd6f36164d863eeb5e48471cb) Importer(815301076,1909f56bfc062723c751e8b465ee728b)  -> (artifact id: 'b7dfebf007862f9362caed9f070c9ff2') in 0.013282 seconds 
Number of asset objects unloaded after import = 98
========================================================================
Received Import Request.
  Time since last request: 3.217050 seconds.
  path: Assets/Tiles/Tile_2 2.prefab
  artifactKey: Guid(92da3abcd6f36164d863eeb5e48471cb) Importer(815301076,1909f56bfc062723c751e8b465ee728b)
Number of updated assets reloaded before import = 0
Start importing Assets/Tiles/Tile_2 2.prefab using Guid(92da3abcd6f36164d863eeb5e48471cb) Importer(815301076,1909f56bfc062723c751e8b465ee728b)  -> (artifact id: '0fff8b296f08beeab9acdba78f07f600') in 0.012084 seconds 
Number of asset objects unloaded after import = 98
========================================================================
Received Import Request.
  Time since last request: 1.199012 seconds.
  path: Assets/Tiles/Tile_2 2.prefab
  artifactKey: Guid(92da3abcd6f36164d863eeb5e48471cb) Importer(815301076,1909f56bfc062723c751e8b465ee728b)
Number of updated assets reloaded before import = 0
Start importing Assets/Tiles/Tile_2 2.prefab using Guid(92da3abcd6f36164d863eeb5e48471cb) Importer(815301076,1909f56bfc062723c751e8b465ee728b)  -> (artifact id: '17a469ad94658cc1e3f8efdea8118c70') in 0.012950 seconds 
Number of asset objects unloaded after import = 128
========================================================================
Received Import Request.
  Time since last request: 8.070850 seconds.
  path: Assets/Tiles/Tile_2 2.prefab
  artifactKey: Guid(92da3abcd6f36164d863eeb5e48471cb) Importer(815301076,1909f56bfc062723c751e8b465ee728b)
Number of updated assets reloaded before import = 0
Start importing Assets/Tiles/Tile_2 2.prefab using Guid(92da3abcd6f36164d863eeb5e48471cb) Importer(815301076,1909f56bfc062723c751e8b465ee728b)  -> (artifact id: '9cf836aee930f9dcd197c569d72b5f7e') in 0.013811 seconds 
Number of asset objects unloaded after import = 128
========================================================================
Received Import Request.
  Time since last request: 6.632951 seconds.
  path: Assets/Tiles/Tile_2 2.prefab
  artifactKey: Guid(92da3abcd6f36164d863eeb5e48471cb) Importer(815301076,1909f56bfc062723c751e8b465ee728b)
Number of updated assets reloaded before import = 0
Start importing Assets/Tiles/Tile_2 2.prefab using Guid(92da3abcd6f36164d863eeb5e48471cb) Importer(815301076,1909f56bfc062723c751e8b465ee728b)  -> (artifact id: '1cd42993083a986b80f749c848754494') in 0.013126 seconds 
Number of asset objects unloaded after import = 128
========================================================================
Received Import Request.
  Time since last request: 7.260544 seconds.
  path: Assets/Tiles/Tile_2 2.prefab
  artifactKey: Guid(92da3abcd6f36164d863eeb5e48471cb) Importer(815301076,1909f56bfc062723c751e8b465ee728b)
Number of updated assets reloaded before import = 0
Start importing Assets/Tiles/Tile_2 2.prefab using Guid(92da3abcd6f36164d863eeb5e48471cb) Importer(815301076,1909f56bfc062723c751e8b465ee728b)  -> (artifact id: 'f1bc746fd88bf775b77544400b414898') in 0.014127 seconds 
Number of asset objects unloaded after import = 128
========================================================================
Received Import Request.
  Time since last request: 9.273136 seconds.
  path: Assets/Tiles/Tile_2 2.prefab
  artifactKey: Guid(92da3abcd6f36164d863eeb5e48471cb) Importer(815301076,1909f56bfc062723c751e8b465ee728b)
Number of updated assets reloaded before import = 0
Start importing Assets/Tiles/Tile_2 2.prefab using Guid(92da3abcd6f36164d863eeb5e48471cb) Importer(815301076,1909f56bfc062723c751e8b465ee728b)  -> (artifact id: 'a2c1965041636f0286a76203e5517b81') in 0.012625 seconds 
Number of asset objects unloaded after import = 128
========================================================================
Received Import Request.
  Time since last request: 2.797916 seconds.
  path: Assets/Tiles/Tile_2 2.prefab
  artifactKey: Guid(92da3abcd6f36164d863eeb5e48471cb) Importer(815301076,1909f56bfc062723c751e8b465ee728b)
Number of updated assets reloaded before import = 0
Start importing Assets/Tiles/Tile_2 2.prefab using Guid(92da3abcd6f36164d863eeb5e48471cb) Importer(815301076,1909f56bfc062723c751e8b465ee728b)  -> (artifact id: 'b4cad937351ab1a157474c7c0fb271e6') in 0.014646 seconds 
Number of asset objects unloaded after import = 128
========================================================================
Received Import Request.
  Time since last request: 1.995329 seconds.
  path: Assets/Tiles/Tile_2 2.prefab
  artifactKey: Guid(92da3abcd6f36164d863eeb5e48471cb) Importer(815301076,1909f56bfc062723c751e8b465ee728b)
Number of updated assets reloaded before import = 0
Start importing Assets/Tiles/Tile_2 2.prefab using Guid(92da3abcd6f36164d863eeb5e48471cb) Importer(815301076,1909f56bfc062723c751e8b465ee728b)  -> (artifact id: 'c6a14457f4ce8e580bc1a988ffbb2692') in 0.014225 seconds 
Number of asset objects unloaded after import = 128
========================================================================
Received Import Request.
  Time since last request: 2.016584 seconds.
  path: Assets/Tiles/Tile_2 2.prefab
  artifactKey: Guid(92da3abcd6f36164d863eeb5e48471cb) Importer(815301076,1909f56bfc062723c751e8b465ee728b)
Number of updated assets reloaded before import = 0
Start importing Assets/Tiles/Tile_2 2.prefab using Guid(92da3abcd6f36164d863eeb5e48471cb) Importer(815301076,1909f56bfc062723c751e8b465ee728b)  -> (artifact id: '0fb9068825e83dd7813a01b62a8c9e0b') in 0.012956 seconds 
Number of asset objects unloaded after import = 128
========================================================================
Received Import Request.
  Time since last request: 1.782906 seconds.
  path: Assets/Tiles/Tile_2 2.prefab
  artifactKey: Guid(92da3abcd6f36164d863eeb5e48471cb) Importer(815301076,1909f56bfc062723c751e8b465ee728b)
Number of updated assets reloaded before import = 0
Start importing Assets/Tiles/Tile_2 2.prefab using Guid(92da3abcd6f36164d863eeb5e48471cb) Importer(815301076,1909f56bfc062723c751e8b465ee728b)  -> (artifact id: '7e61b8f5662e4b83e3f47ea6cb8b9c42') in 0.014469 seconds 
Number of asset objects unloaded after import = 128
========================================================================
Received Import Request.
  Time since last request: 14.343467 seconds.
  path: Assets/Tiles/Tile_2 2.prefab
  artifactKey: Guid(92da3abcd6f36164d863eeb5e48471cb) Importer(815301076,1909f56bfc062723c751e8b465ee728b)
Number of updated assets reloaded before import = 0
Start importing Assets/Tiles/Tile_2 2.prefab using Guid(92da3abcd6f36164d863eeb5e48471cb) Importer(815301076,1909f56bfc062723c751e8b465ee728b)  -> (artifact id: '67d523f70d1b8936530967dcc347f4b8') in 0.013125 seconds 
Number of asset objects unloaded after import = 128
========================================================================
Received Import Request.
  Time since last request: 3.784938 seconds.
  path: Assets/Tiles/Tile_2 2.prefab
  artifactKey: Guid(92da3abcd6f36164d863eeb5e48471cb) Importer(815301076,1909f56bfc062723c751e8b465ee728b)
Number of updated assets reloaded before import = 0
Start importing Assets/Tiles/Tile_2 2.prefab using Guid(92da3abcd6f36164d863eeb5e48471cb) Importer(815301076,1909f56bfc062723c751e8b465ee728b)  -> (artifact id: 'b02e5895e140e2d20384690ab11c1b8a') in 0.013701 seconds 
Number of asset objects unloaded after import = 128
========================================================================
Received Import Request.
  Time since last request: 6.680764 seconds.
  path: Assets/Tiles/Tile_2 2.prefab
  artifactKey: Guid(92da3abcd6f36164d863eeb5e48471cb) Importer(815301076,1909f56bfc062723c751e8b465ee728b)
Number of updated assets reloaded before import = 0
Start importing Assets/Tiles/Tile_2 2.prefab using Guid(92da3abcd6f36164d863eeb5e48471cb) Importer(815301076,1909f56bfc062723c751e8b465ee728b)  -> (artifact id: '8536ac52cf5d80a0bf8302a24615066b') in 0.013324 seconds 
Number of asset objects unloaded after import = 158
========================================================================
Received Import Request.
  Time since last request: 2.806158 seconds.
  path: Assets/Tiles/Tile_2 2.prefab
  artifactKey: Guid(92da3abcd6f36164d863eeb5e48471cb) Importer(815301076,1909f56bfc062723c751e8b465ee728b)
Number of updated assets reloaded before import = 0
Start importing Assets/Tiles/Tile_2 2.prefab using Guid(92da3abcd6f36164d863eeb5e48471cb) Importer(815301076,1909f56bfc062723c751e8b465ee728b)  -> (artifact id: '4a78a59edf591cb03df7875e36a2fc49') in 0.013193 seconds 
Number of asset objects unloaded after import = 158
========================================================================
Received Import Request.
  Time since last request: 2.198578 seconds.
  path: Assets/Tiles/Tile_2 2.prefab
  artifactKey: Guid(92da3abcd6f36164d863eeb5e48471cb) Importer(815301076,1909f56bfc062723c751e8b465ee728b)
Number of updated assets reloaded before import = 0
Start importing Assets/Tiles/Tile_2 2.prefab using Guid(92da3abcd6f36164d863eeb5e48471cb) Importer(815301076,1909f56bfc062723c751e8b465ee728b)  -> (artifact id: '5b8236cb923abffdc8398f33d1420c05') in 0.012880 seconds 
Number of asset objects unloaded after import = 158
========================================================================
Received Import Request.
  Time since last request: 2.401036 seconds.
  path: Assets/Tiles/Tile_2 2.prefab
  artifactKey: Guid(92da3abcd6f36164d863eeb5e48471cb) Importer(815301076,1909f56bfc062723c751e8b465ee728b)
Number of updated assets reloaded before import = 0
Start importing Assets/Tiles/Tile_2 2.prefab using Guid(92da3abcd6f36164d863eeb5e48471cb) Importer(815301076,1909f56bfc062723c751e8b465ee728b)  -> (artifact id: 'e0d759241369289c692d6c90b4e3dd51') in 0.013811 seconds 
Number of asset objects unloaded after import = 153
========================================================================
Received Import Request.
  Time since last request: 3.016290 seconds.
  path: Assets/Tiles/Tile_2 2.prefab
  artifactKey: Guid(92da3abcd6f36164d863eeb5e48471cb) Importer(815301076,1909f56bfc062723c751e8b465ee728b)
Number of updated assets reloaded before import = 0
Start importing Assets/Tiles/Tile_2 2.prefab using Guid(92da3abcd6f36164d863eeb5e48471cb) Importer(815301076,1909f56bfc062723c751e8b465ee728b)  -> (artifact id: 'c4d8da6385cb6c3b5172a82b4540419d') in 0.013153 seconds 
Number of asset objects unloaded after import = 148
========================================================================
Received Import Request.
  Time since last request: 4.814882 seconds.
  path: Assets/Tiles/Tile_2 2.prefab
  artifactKey: Guid(92da3abcd6f36164d863eeb5e48471cb) Importer(815301076,1909f56bfc062723c751e8b465ee728b)
Number of updated assets reloaded before import = 0
Start importing Assets/Tiles/Tile_2 2.prefab using Guid(92da3abcd6f36164d863eeb5e48471cb) Importer(815301076,1909f56bfc062723c751e8b465ee728b)  -> (artifact id: 'e7295fa74d39be1dbc7b7d596cf47d0d') in 0.016063 seconds 
Number of asset objects unloaded after import = 148
========================================================================
Received Import Request.
  Time since last request: 4.226436 seconds.
  path: Assets/Tiles/Tile_2 2.prefab
  artifactKey: Guid(92da3abcd6f36164d863eeb5e48471cb) Importer(815301076,1909f56bfc062723c751e8b465ee728b)
Number of updated assets reloaded before import = 0
Start importing Assets/Tiles/Tile_2 2.prefab using Guid(92da3abcd6f36164d863eeb5e48471cb) Importer(815301076,1909f56bfc062723c751e8b465ee728b)  -> (artifact id: 'e81d50341d127c6ae4a982724b337ed3') in 0.014082 seconds 
Number of asset objects unloaded after import = 148
========================================================================
Received Import Request.
  Time since last request: 24.360180 seconds.
  path: Assets/Tiles/Tile_2 2.prefab
  artifactKey: Guid(92da3abcd6f36164d863eeb5e48471cb) Importer(815301076,1909f56bfc062723c751e8b465ee728b)
Number of updated assets reloaded before import = 0
Start importing Assets/Tiles/Tile_2 2.prefab using Guid(92da3abcd6f36164d863eeb5e48471cb) Importer(815301076,1909f56bfc062723c751e8b465ee728b)  -> (artifact id: '6990860549e70efd753bd60dab19c907') in 0.012090 seconds 
Number of asset objects unloaded after import = 13
========================================================================
Received Import Request.
  Time since last request: 4.270208 seconds.
  path: Assets/Tiles/Tile_2 2.prefab
  artifactKey: Guid(92da3abcd6f36164d863eeb5e48471cb) Importer(815301076,1909f56bfc062723c751e8b465ee728b)
Number of updated assets reloaded before import = 0
Start importing Assets/Tiles/Tile_2 2.prefab using Guid(92da3abcd6f36164d863eeb5e48471cb) Importer(815301076,1909f56bfc062723c751e8b465ee728b)  -> (artifact id: '4acc1b305088301017f4088f946e99f9') in 0.010912 seconds 
Number of asset objects unloaded after import = 13
========================================================================
Received Import Request.
  Time since last request: 4.235684 seconds.
  path: Assets/Tiles/Tile_2 2.prefab
  artifactKey: Guid(92da3abcd6f36164d863eeb5e48471cb) Importer(815301076,1909f56bfc062723c751e8b465ee728b)
Number of updated assets reloaded before import = 0
Start importing Assets/Tiles/Tile_2 2.prefab using Guid(92da3abcd6f36164d863eeb5e48471cb) Importer(815301076,1909f56bfc062723c751e8b465ee728b)  -> (artifact id: 'a1d6e3d060c47e10f3caf2e7e9bb566f') in 0.012134 seconds 
Number of asset objects unloaded after import = 18
========================================================================
Received Import Request.
  Time since last request: 1.384898 seconds.
  path: Assets/Tiles/Tile_2 2.prefab
  artifactKey: Guid(92da3abcd6f36164d863eeb5e48471cb) Importer(815301076,1909f56bfc062723c751e8b465ee728b)
Number of updated assets reloaded before import = 0
Start importing Assets/Tiles/Tile_2 2.prefab using Guid(92da3abcd6f36164d863eeb5e48471cb) Importer(815301076,1909f56bfc062723c751e8b465ee728b)  -> (artifact id: 'e9777e97944c46b3a407dcdfb25426aa') in 0.012830 seconds 
Number of asset objects unloaded after import = 18
========================================================================
Received Import Request.
  Time since last request: 5.031218 seconds.
  path: Assets/Tiles/Tile_2 2.prefab
  artifactKey: Guid(92da3abcd6f36164d863eeb5e48471cb) Importer(815301076,1909f56bfc062723c751e8b465ee728b)
Number of updated assets reloaded before import = 0
Start importing Assets/Tiles/Tile_2 2.prefab using Guid(92da3abcd6f36164d863eeb5e48471cb) Importer(815301076,1909f56bfc062723c751e8b465ee728b)  -> (artifact id: 'd1b1afd0f0e60b6ff471dd66ddcfa2ab') in 0.011324 seconds 
Number of asset objects unloaded after import = 18
========================================================================
Received Import Request.
  Time since last request: 2.812531 seconds.
  path: Assets/Tiles/Tile_2 2.prefab
  artifactKey: Guid(92da3abcd6f36164d863eeb5e48471cb) Importer(815301076,1909f56bfc062723c751e8b465ee728b)
Number of updated assets reloaded before import = 0
Start importing Assets/Tiles/Tile_2 2.prefab using Guid(92da3abcd6f36164d863eeb5e48471cb) Importer(815301076,1909f56bfc062723c751e8b465ee728b)  -> (artifact id: '47c713821d4d2eef0cd2f20d9d0a9ae9') in 0.011598 seconds 
Number of asset objects unloaded after import = 18
========================================================================
Received Import Request.
  Time since last request: 1.805934 seconds.
  path: Assets/Tiles/Tile_2 2.prefab
  artifactKey: Guid(92da3abcd6f36164d863eeb5e48471cb) Importer(815301076,1909f56bfc062723c751e8b465ee728b)
Number of updated assets reloaded before import = 0
Start importing Assets/Tiles/Tile_2 2.prefab using Guid(92da3abcd6f36164d863eeb5e48471cb) Importer(815301076,1909f56bfc062723c751e8b465ee728b)  -> (artifact id: '54b831d846f3159f0718280b08cf58f1') in 0.013137 seconds 
Number of asset objects unloaded after import = 18
========================================================================
Received Import Request.
  Time since last request: 7.055103 seconds.
  path: Assets/Tiles/Tile_2 2.prefab
  artifactKey: Guid(92da3abcd6f36164d863eeb5e48471cb) Importer(815301076,1909f56bfc062723c751e8b465ee728b)
Number of updated assets reloaded before import = 0
Start importing Assets/Tiles/Tile_2 2.prefab using Guid(92da3abcd6f36164d863eeb5e48471cb) Importer(815301076,1909f56bfc062723c751e8b465ee728b)  -> (artifact id: '06307a86f43e2561f519959d7bd05235') in 0.013089 seconds 
Number of asset objects unloaded after import = 18
========================================================================
Received Import Request.
  Time since last request: 2.209046 seconds.
  path: Assets/Tiles/Tile_2 2.prefab
  artifactKey: Guid(92da3abcd6f36164d863eeb5e48471cb) Importer(815301076,1909f56bfc062723c751e8b465ee728b)
Number of updated assets reloaded before import = 0
Start importing Assets/Tiles/Tile_2 2.prefab using Guid(92da3abcd6f36164d863eeb5e48471cb) Importer(815301076,1909f56bfc062723c751e8b465ee728b)  -> (artifact id: '12880b8ce28e0b84363092c1c28ad812') in 0.015870 seconds 
Number of asset objects unloaded after import = 18
========================================================================
Received Import Request.
  Time since last request: 3.196920 seconds.
  path: Assets/Tiles/Tile_2 2.prefab
  artifactKey: Guid(92da3abcd6f36164d863eeb5e48471cb) Importer(815301076,1909f56bfc062723c751e8b465ee728b)
Number of updated assets reloaded before import = 0
Start importing Assets/Tiles/Tile_2 2.prefab using Guid(92da3abcd6f36164d863eeb5e48471cb) Importer(815301076,1909f56bfc062723c751e8b465ee728b)  -> (artifact id: 'c4d075b48d78f7a5d943301207e536db') in 0.013923 seconds 
Number of asset objects unloaded after import = 23
========================================================================
Received Import Request.
  Time since last request: 7.064683 seconds.
  path: Assets/Tiles/Tile_2 2.prefab
  artifactKey: Guid(92da3abcd6f36164d863eeb5e48471cb) Importer(815301076,1909f56bfc062723c751e8b465ee728b)
Number of updated assets reloaded before import = 0
Start importing Assets/Tiles/Tile_2 2.prefab using Guid(92da3abcd6f36164d863eeb5e48471cb) Importer(815301076,1909f56bfc062723c751e8b465ee728b)  -> (artifact id: '05e760881b692b2d4bfdc94b0562993b') in 0.010833 seconds 
Number of asset objects unloaded after import = 23
========================================================================
Received Import Request.
  Time since last request: 2.643719 seconds.
  path: Assets/Tiles/Tile_2 2.prefab
  artifactKey: Guid(92da3abcd6f36164d863eeb5e48471cb) Importer(815301076,1909f56bfc062723c751e8b465ee728b)
Number of updated assets reloaded before import = 0
Start importing Assets/Tiles/Tile_2 2.prefab using Guid(92da3abcd6f36164d863eeb5e48471cb) Importer(815301076,1909f56bfc062723c751e8b465ee728b)  -> (artifact id: '2f5620480cce3ef5ae8880d44b6d85eb') in 0.011506 seconds 
Number of asset objects unloaded after import = 23
========================================================================
Received Import Request.
  Time since last request: 3.011857 seconds.
  path: Assets/Tiles/Tile_2 2.prefab
  artifactKey: Guid(92da3abcd6f36164d863eeb5e48471cb) Importer(815301076,1909f56bfc062723c751e8b465ee728b)
Number of updated assets reloaded before import = 0
Start importing Assets/Tiles/Tile_2 2.prefab using Guid(92da3abcd6f36164d863eeb5e48471cb) Importer(815301076,1909f56bfc062723c751e8b465ee728b)  -> (artifact id: '7520ca34cf6ad5190306e82e09324492') in 0.011426 seconds 
Number of asset objects unloaded after import = 23
========================================================================
Received Import Request.
  Time since last request: 1.399945 seconds.
  path: Assets/Tiles/Tile_2 2.prefab
  artifactKey: Guid(92da3abcd6f36164d863eeb5e48471cb) Importer(815301076,1909f56bfc062723c751e8b465ee728b)
Number of updated assets reloaded before import = 0
Start importing Assets/Tiles/Tile_2 2.prefab using Guid(92da3abcd6f36164d863eeb5e48471cb) Importer(815301076,1909f56bfc062723c751e8b465ee728b)  -> (artifact id: '7b6cdd07bb92b0c5c1d3b24c9bf8de82') in 0.012407 seconds 
Number of asset objects unloaded after import = 28
========================================================================
Received Import Request.
  Time since last request: 4.840498 seconds.
  path: Assets/Tiles/Tile_2 2.prefab
  artifactKey: Guid(92da3abcd6f36164d863eeb5e48471cb) Importer(815301076,1909f56bfc062723c751e8b465ee728b)
Number of updated assets reloaded before import = 0
Start importing Assets/Tiles/Tile_2 2.prefab using Guid(92da3abcd6f36164d863eeb5e48471cb) Importer(815301076,1909f56bfc062723c751e8b465ee728b)  -> (artifact id: '3641459c2ac5f10132ec5e6708296785') in 0.012202 seconds 
Number of asset objects unloaded after import = 28
========================================================================
Received Import Request.
  Time since last request: 2.405348 seconds.
  path: Assets/Tiles/Tile_2 2.prefab
  artifactKey: Guid(92da3abcd6f36164d863eeb5e48471cb) Importer(815301076,1909f56bfc062723c751e8b465ee728b)
Number of updated assets reloaded before import = 0
Start importing Assets/Tiles/Tile_2 2.prefab using Guid(92da3abcd6f36164d863eeb5e48471cb) Importer(815301076,1909f56bfc062723c751e8b465ee728b)  -> (artifact id: 'a81913d360e03a13e3663dd93c5620de') in 0.011870 seconds 
Number of asset objects unloaded after import = 28
========================================================================
Received Import Request.
  Time since last request: 3.010777 seconds.
  path: Assets/Tiles/Tile_2 2.prefab
  artifactKey: Guid(92da3abcd6f36164d863eeb5e48471cb) Importer(815301076,1909f56bfc062723c751e8b465ee728b)
Number of updated assets reloaded before import = 0
Start importing Assets/Tiles/Tile_2 2.prefab using Guid(92da3abcd6f36164d863eeb5e48471cb) Importer(815301076,1909f56bfc062723c751e8b465ee728b)  -> (artifact id: 'b9f487dff7df427371af8c29a34e9a65') in 0.013087 seconds 
Number of asset objects unloaded after import = 28
